<?xml version="1.0" encoding="UTF-8"?>
<!-- Generated by org.testng.reporters.JUnitXMLReporter -->
<testsuite ignored="2" hostname="DESKTOP-TDDQJB9" failures="0" tests="1" name="Test" time="9.678" errors="0" timestamp="2023-04-07T13:09:08 IST">
  <testcase classname="GenericUtilities.Base_Utility" name="@BeforeMethod login" time="5.349">
    <failure type="org.openqa.selenium.ElementNotInteractableException" message="element not interactable
  (Session info: chrome=112.0.5615.50)
Build info: version: &amp;apos;4.8.2&amp;apos;, revision: &amp;apos;826dbfc730&amp;apos;
System info: os.name: &amp;apos;Windows 10&amp;apos;, os.arch: &amp;apos;amd64&amp;apos;, os.version: &amp;apos;10.0&amp;apos;, java.version: &amp;apos;17.0.4.1&amp;apos;
Driver info: org.openqa.selenium.chrome.ChromeDriver
Command: [d1bf80d585957607667a77085a892fb5, sendKeysToElement {id=8912b523-0fa6-43cd-ab9e-a1aa8cea4f27, value=[Ljava.lang.CharSequence;@65a48602}]
Capabilities {acceptInsecureCerts: false, browserName: chrome, browserVersion: 112.0.5615.50, chrome: {chromedriverVersion: 112.0.5615.49 (bd2a7bcb881c..., userDataDir: C:\Users\Varma\AppData\Loca...}, goog:chromeOptions: {debuggerAddress: localhost:60734}, networkConnectionEnabled: false, pageLoadStrategy: normal, platformName: WINDOWS, proxy: Proxy(), se:cdp: ws://localhost:60734/devtoo..., se:cdpVersion: 112.0.5615.50, setWindowRect: true, strictFileInteractability: false, timeouts: {implicit: 0, pageLoad: 300000, script: 30000}, unhandledPromptBehavior: dismiss and notify, webauthn:extension:credBlob: true, webauthn:extension:largeBlob: true, webauthn:extension:minPinLength: true, webauthn:extension:prf: true, webauthn:virtualAuthenticators: true}
Element: [[ChromeDriver: chrome on WINDOWS (d1bf80d585957607667a77085a892fb5)] -&amp;gt; xpath: //input[@type=&amp;apos;password&amp;apos;]]
Session ID: d1bf80d585957607667a77085a892fb5">
      <![CDATA[org.openqa.selenium.ElementNotInteractableException: element not interactable
  (Session info: chrome=112.0.5615.50)
Build info: version: '4.8.2', revision: '826dbfc730'
System info: os.name: 'Windows 10', os.arch: 'amd64', os.version: '10.0', java.version: '17.0.4.1'
Driver info: org.openqa.selenium.chrome.ChromeDriver
Command: [d1bf80d585957607667a77085a892fb5, sendKeysToElement {id=8912b523-0fa6-43cd-ab9e-a1aa8cea4f27, value=[Ljava.lang.CharSequence;@65a48602}]
Capabilities {acceptInsecureCerts: false, browserName: chrome, browserVersion: 112.0.5615.50, chrome: {chromedriverVersion: 112.0.5615.49 (bd2a7bcb881c..., userDataDir: C:\Users\Varma\AppData\Loca...}, goog:chromeOptions: {debuggerAddress: localhost:60734}, networkConnectionEnabled: false, pageLoadStrategy: normal, platformName: WINDOWS, proxy: Proxy(), se:cdp: ws://localhost:60734/devtoo..., se:cdpVersion: 112.0.5615.50, setWindowRect: true, strictFileInteractability: false, timeouts: {implicit: 0, pageLoad: 300000, script: 30000}, unhandledPromptBehavior: dismiss and notify, webauthn:extension:credBlob: true, webauthn:extension:largeBlob: true, webauthn:extension:minPinLength: true, webauthn:extension:prf: true, webauthn:virtualAuthenticators: true}
Element: [[ChromeDriver: chrome on WINDOWS (d1bf80d585957607667a77085a892fb5)] -> xpath: //input[@type='password']]
Session ID: d1bf80d585957607667a77085a892fb5
at org.openqa.selenium.remote.codec.w3c.W3CHttpResponseCodec.createException(W3CHttpResponseCodec.java:200)
at org.openqa.selenium.remote.codec.w3c.W3CHttpResponseCodec.decode(W3CHttpResponseCodec.java:133)
at org.openqa.selenium.remote.codec.w3c.W3CHttpResponseCodec.decode(W3CHttpResponseCodec.java:53)
at org.openqa.selenium.remote.HttpCommandExecutor.execute(HttpCommandExecutor.java:193)
at org.openqa.selenium.remote.service.DriverCommandExecutor.invokeExecute(DriverCommandExecutor.java:183)
at org.openqa.selenium.remote.service.DriverCommandExecutor.execute(DriverCommandExecutor.java:158)
at org.openqa.selenium.remote.RemoteWebDriver.execute(RemoteWebDriver.java:543)
at org.openqa.selenium.remote.RemoteWebElement.execute(RemoteWebElement.java:257)
at org.openqa.selenium.remote.RemoteWebElement.sendKeys(RemoteWebElement.java:113)
at org.openqa.selenium.support.pagefactory.internal.LocatingElementHandler.invoke(LocatingElementHandler.java:52)
at jdk.proxy2/jdk.proxy2.$Proxy22.sendKeys(Unknown Source)
at GenericUtilities.HR1_LoginPage.login(HR1_LoginPage.java:71)
at GenericUtilities.Base_Utility.login(Base_Utility.java:72)
at java.base/java.util.ArrayList.forEach(ArrayList.java:1511)
... Removed 40 stack frames]]>
    </failure>
  </testcase> <!-- @BeforeMethod login -->
  <testcase classname="GenericUtilities.Base_Utility" name="@AfterMethod logout" time="-1.680853147796E9">
    <skipped/>
  </testcase> <!-- @AfterMethod logout -->
  <testcase classname="GenericUtilities.Base_Utility" name="@AfterClass close" time="-1.680853147799E9">
    <skipped/>
  </testcase> <!-- @AfterClass close -->
  <testcase classname="myproject.ClickOnRequestTest" name="Request" time="0.0">
    <skipped/>
  </testcase> <!-- Request -->
  <testcase classname="myproject.ClickOnInboxTest" name="inbox" time="0.0">
    <ignored/>
  </testcase> <!-- inbox -->
  <testcase classname="GenericUtilities.Base_Utility" name="@AfterSuite Close_Database" time="0.0">
    <ignored/>
  </testcase> <!-- @AfterSuite Close_Database -->
</testsuite> <!-- Test -->
