<?xml version="1.0" encoding="UTF-8"?>
<!-- Generated by org.testng.reporters.JUnitXMLReporter -->
<testsuite ignored="0" hostname="DESKTOP-TDDQJB9" failures="0" tests="1" name="Test1" time="22.179" errors="0" timestamp="2023-04-03T13:11:03 IST">
  <testcase classname="GenericUtilities.Base_Utility" name="@BeforeClass launch_Browser" time="20.831">
    <failure type="org.openqa.selenium.SessionNotCreatedException" message="Could not start a new session. Possible causes are invalid address of the remote server or browser start-up failure. 
Host info: host: &amp;apos;DESKTOP-TDDQJB9&amp;apos;, ip: &amp;apos;192.168.0.171&amp;apos;">
      <![CDATA[org.openqa.selenium.SessionNotCreatedException: Could not start a new session. Possible causes are invalid address of the remote server or browser start-up failure. 
Host info: host: 'DESKTOP-TDDQJB9', ip: '192.168.0.171'
at org.openqa.selenium.remote.RemoteWebDriver.execute(RemoteWebDriver.java:561)
at org.openqa.selenium.remote.RemoteWebDriver.startSession(RemoteWebDriver.java:229)
at org.openqa.selenium.remote.RemoteWebDriver.<init>(RemoteWebDriver.java:157)
at org.openqa.selenium.chromium.ChromiumDriver.<init>(ChromiumDriver.java:101)
at org.openqa.selenium.edge.EdgeDriver.<init>(EdgeDriver.java:60)
at org.openqa.selenium.edge.EdgeDriver.<init>(EdgeDriver.java:56)
at org.openqa.selenium.edge.EdgeDriver.<init>(EdgeDriver.java:48)
at org.openqa.selenium.edge.EdgeDriver.<init>(EdgeDriver.java:44)
at GenericUtilities.Base_Utility.launch_Browser(Base_Utility.java:62)
at java.base/java.util.ArrayList.forEach(ArrayList.java:1511)
at java.base/java.util.concurrent.FutureTask.run(FutureTask.java:264)
at java.base/java.util.concurrent.ThreadPoolExecutor.runWorker(ThreadPoolExecutor.java:1136)
at java.base/java.util.concurrent.ThreadPoolExecutor$Worker.run(ThreadPoolExecutor.java:635)
at java.base/java.lang.Thread.run(Thread.java:833)
Caused by: org.openqa.selenium.WebDriverException: Timed out waiting for driver process to start.
Build info: version: '4.8.2', revision: '826dbfc730'
System info: os.name: 'Windows 10', os.arch: 'amd64', os.version: '10.0', java.version: '17.0.4.1'
Driver info: driver.version: EdgeDriver
at org.openqa.selenium.remote.service.DriverService.start(DriverService.java:208)
at org.openqa.selenium.remote.service.DriverCommandExecutor.execute(DriverCommandExecutor.java:114)
at org.openqa.selenium.remote.RemoteWebDriver.execute(RemoteWebDriver.java:543)
... 29 more
... Removed 16 stack frames]]>
    </failure>
  </testcase> <!-- @BeforeClass launch_Browser -->
  <testcase classname="GenericUtilities.Base_Utility" name="@BeforeMethod login" time="-1.680507662619E9">
    <skipped/>
  </testcase> <!-- @BeforeMethod login -->
  <testcase classname="GenericUtilities.Base_Utility" name="@AfterMethod logout" time="-1.680507663731E9">
    <skipped/>
  </testcase> <!-- @AfterMethod logout -->
  <testcase classname="GenericUtilities.Base_Utility" name="@AfterClass close" time="-1.680507663737E9">
    <skipped/>
  </testcase> <!-- @AfterClass close -->
  <testcase classname="myproject.ClickOnInbox" name="inbox" time="1.462"/>
</testsuite> <!-- Test1 -->
